<?xml version="1.0" encoding="UTF-8"?>
<testsuite xmlns:xsi="http://www.w3.org/2001/XMLSchema-instance" xsi:noNamespaceSchemaLocation="https://maven.apache.org/surefire/maven-surefire-plugin/xsd/surefire-test-report-3.0.xsd" version="3.0" name="ar.utn.dds.copiame.DocumentoTest" time="0.025" tests="3" errors="0" skipped="0" failures="0">
  <properties>
[...]
</properties>
  <testcase name="testDocumentosDistintos" classname="ar.utn.dds.copiame.DocumentoTest" time="0.014"/>
  <testcase name="testDocumentosIguales" classname="ar.utn.dds.copiame.DocumentoTest" time="0.001"/>
  <testcase name="testDocumentosParecidos" classname="ar.utn.dds.copiame.DocumentoTest" time="0.001"/>
</testsuite>